<?xml version="1.0" encoding="UTF-8"?>
<!-- Generated by org.testng.reporters.JUnitReportReporter -->
<testsuite hostname="DESKTOP-FIK5SPH" failures="0" tests="1" name="test.loggerFile" time="9.031" errors="0" timestamp="2024-02-08T11:05:52 IST" skipped="0">
  <testcase classname="test.loggerFile" name="Launch" time="9.031"/>
  <system-out/>
</testsuite> <!-- test.loggerFile -->
